+-----------+------+
| ename     | sal  |
+-----------+------+
| 张三丰    | 9000 |
+-----------+------+
+-----------+--------+
| ename     | annSal |
+-----------+--------+
| 胡一刀    |  21600 |
| 乔峰      |  60000 |
| 李莫愁    |  42000 |
| 张无忌    |  38400 |
| 丘处机    |  40800 |
| 欧阳锋    |  38400 |
| 张翠山    |  48000 |
| 黄蓉      |  36000 |
| 杨过      |  26400 |
| 朱九真    |  30000 |
| 苗人凤    |  30000 |
| 郭靖      |  24000 |
| 宋远桥    |  48000 |
| 张三丰    | 108000 |
+-----------+--------+
+------+------------+
| dno  | count(dno) |
+------+------------+
|   10 |          4 |
|   20 |          7 |
|   30 |          3 |
+------+------------+
+-----------+------------------+
| dname     | ifnull(total, 0) |
+-----------+------------------+
| 会计部    |                4 |
| 研发部    |                7 |
| 销售部    |                3 |
| 运维部    |                0 |
+-----------+------------------+
+--------+------+
| ename  | sal  |
+--------+------+
| 乔峰   | 5000 |
+--------+------+
+-----------+------+
| ename     | sal  |
+-----------+------+
| 乔峰      | 5000 |
| 张翠山    | 4000 |
| 宋远桥    | 4000 |
| 张三丰    | 9000 |
+-----------+------+
+-----------+------+------+
| ename     | sal  | dno  |
+-----------+------+------+
| 乔峰      | 5000 |   20 |
| 黄蓉      | 3000 |   30 |
| 苗人凤    | 2500 |   30 |
| 宋远桥    | 4000 |   10 |
| 张三丰    | 9000 |   20 |
+-----------+------+------+
+-----------+------+------+
| ename     | sal  | dno  |
+-----------+------+------+
| 乔峰      | 5000 |   20 |
| 黄蓉      | 3000 |   30 |
| 苗人凤    | 2500 |   30 |
| 宋远桥    | 4000 |   10 |
| 张三丰    | 9000 |   20 |
+-----------+------+------+
+-----------+------+-----------+
| ename     | sal  | dname     |
+-----------+------+-----------+
| 黄蓉      | 3000 | 销售部    |
| 宋远桥    | 4000 | 会计部    |
| 张三丰    | 9000 | 研发部    |
+-----------+------+-----------+
+-----------+--------------+
| ename     | job          |
+-----------+--------------+
| 黄蓉      | 销售主管     |
| 张三丰    | 总裁         |
| 乔峰      | 分析师       |
| 李莫愁    | 设计师       |
| 宋远桥    | 会计师       |
+-----------+--------------+
+-----------+------+
| ename     | sal  |
+-----------+------+
| 张三丰    | 9000 |
| 乔峰      | 5000 |
| 宋远桥    | 4000 |
+-----------+------+
+-----------+------+
| ename     | sal  |
+-----------+------+
| 张三丰    | 9000 |
| 乔峰      | 5000 |
| 宋远桥    | 4000 |
+-----------+------+
+-----------+------+
| ename     | sal  |
+-----------+------+
| 张三丰    | 9000 |
| 乔峰      | 5000 |
| 宋远桥    | 4000 |
+-----------+------+
+-----------+------+
| ename     | sal  |
+-----------+------+
| 宋远桥    | 4000 |
| 李莫愁    | 3500 |
| 丘处机    | 3400 |
| 张无忌    | 3200 |
| 欧阳锋    | 3200 |
+-----------+------+
+-----------+------+
| ename     | sal  |
+-----------+------+
| 宋远桥    | 4000 |
| 李莫愁    | 3500 |
| 丘处机    | 3400 |
| 张无忌    | 3200 |
| 欧阳锋    | 3200 |
+-----------+------+
